Flow report for VGA
Wed May 31 16:19:11 2017
Quartus II 32-bit Version 13.0.1 Build 232 06/12/2013 Service Pack 1 SJ Web Edition


---------------------
; Table of Contents ;
---------------------
  1. Legal Notice
  2. Flow Summary
  3. Flow Settings
  4. Flow Non-Default Global Settings
  5. Flow Elapsed Time
  6. Flow OS Summary
  7. Flow Log
  8. Flow Messages
  9. Flow Suppressed Messages



----------------
; Legal Notice ;
----------------
Copyright (C) 1991-2013 Altera Corporation
Your use of Altera Corporation's design tools, logic functions 
and other software and tools, and its AMPP partner logic 
functions, and any output files from any of the foregoing 
(including device programming or simulation files), and any 
associated documentation or information are expressly subject 
to the terms and conditions of the Altera Program License 
Subscription Agreement, Altera MegaCore Function License 
Agreement, or other applicable license agreement, including, 
without limitation, that your use is for the sole purpose of 
programming logic devices manufactured by Altera and sold by 
Altera or its authorized distributors.  Please refer to the 
applicable agreement for further details.



+--------------------------------------------------------------------------------------+
; Flow Summary                                                                         ;
+------------------------------------+-------------------------------------------------+
; Flow Status                        ; Successful - Wed May 31 16:19:11 2017           ;
; Quartus II 32-bit Version          ; 13.0.1 Build 232 06/12/2013 SP 1 SJ Web Edition ;
; Revision Name                      ; VGA                                             ;
; Top-level Entity Name              ; VGA                                             ;
; Family                             ; Cyclone II                                      ;
; Device                             ; EP2C20F484C7                                    ;
; Timing Models                      ; Final                                           ;
; Total logic elements               ; 244 / 18,752 ( 1 % )                            ;
;     Total combinational functions  ; 244 / 18,752 ( 1 % )                            ;
;     Dedicated logic registers      ; 67 / 18,752 ( < 1 % )                           ;
; Total registers                    ; 67                                              ;
; Total pins                         ; 22 / 315 ( 7 % )                                ;
; Total virtual pins                 ; 0                                               ;
; Total memory bits                  ; 0 / 239,616 ( 0 % )                             ;
; Embedded Multiplier 9-bit elements ; 0 / 52 ( 0 % )                                  ;
; Total PLLs                         ; 1 / 4 ( 25 % )                                  ;
+------------------------------------+-------------------------------------------------+


+-----------------------------------------+
; Flow Settings                           ;
+-------------------+---------------------+
; Option            ; Setting             ;
+-------------------+---------------------+
; Start date & time ; 05/31/2017 16:18:56 ;
; Main task         ; Compilation         ;
; Revision Name     ; VGA                 ;
+-------------------+---------------------+


+---------------------------------------------------------------------------------------------------------------------------------------------+
; Flow Non-Default Global Settings                                                                                                            ;
+-------------------------------------+-------------------------------------------------------+---------------+--------------+----------------+
; Assignment Name                     ; Value                                                 ; Default Value ; Entity Name  ; Section Id     ;
+-------------------------------------+-------------------------------------------------------+---------------+--------------+----------------+
; COMPILER_SIGNATURE_ID               ; 0.149625833609235                                     ; --            ; --           ; --             ;
; EDA_OUTPUT_DATA_FORMAT              ; Vhdl                                                  ; --            ; --           ; eda_simulation ;
; EDA_SIMULATION_TOOL                 ; ModelSim-Altera (VHDL)                                ; <None>        ; --           ; --             ;
; IP_TOOL_ENV                         ; Qsys                                                  ; --            ; pll          ; --             ;
; IP_TOOL_ENV                         ; Qsys                                                  ; --            ; pll_altpll_0 ; --             ;
; IP_TOOL_NAME                        ; Qsys                                                  ; --            ; pll          ; --             ;
; IP_TOOL_NAME                        ; altpll                                                ; --            ; pll_altpll_0 ; --             ;
; IP_TOOL_VERSION                     ; 13.0sp1                                               ; --            ; pll          ; --             ;
; IP_TOOL_VERSION                     ; 13.0                                                  ; --            ; pll_altpll_0 ; --             ;
; MAX_CORE_JUNCTION_TEMP              ; 85                                                    ; --            ; --           ; --             ;
; MIN_CORE_JUNCTION_TEMP              ; 0                                                     ; --            ; --           ; --             ;
; MISC_FILE                           ; pll/synthesis/../../pll.cmp                           ; --            ; --           ; --             ;
; MISC_FILE                           ; pll/synthesis/../../pll.qsys                          ; --            ; --           ; --             ;
; PARTITION_COLOR                     ; 16764057                                              ; --            ; --           ; Top            ;
; PARTITION_FITTER_PRESERVATION_LEVEL ; PLACEMENT_AND_ROUTING                                 ; --            ; --           ; Top            ;
; PARTITION_NETLIST_TYPE              ; SOURCE                                                ; --            ; --           ; Top            ;
; POWER_BOARD_THERMAL_MODEL           ; None (CONSERVATIVE)                                   ; --            ; --           ; --             ;
; POWER_PRESET_COOLING_SOLUTION       ; 23 MM HEAT SINK WITH 200 LFPM AIRFLOW                 ; --            ; --           ; --             ;
; PROJECT_OUTPUT_DIRECTORY            ; output_files                                          ; --            ; --           ; --             ;
; SLD_INFO                            ; QSYS_NAME pll HAS_SOPCINFO 1 GENERATION_ID 1376850995 ; --            ; pll          ; --             ;
; SOPCINFO_FILE                       ; pll/synthesis/../../pll.sopcinfo                      ; --            ; --           ; --             ;
; SYNTHESIS_ONLY_QIP                  ; On                                                    ; --            ; --           ; --             ;
+-------------------------------------+-------------------------------------------------------+---------------+--------------+----------------+


+-------------------------------------------------------------------------------------------------------------------------------+
; Flow Elapsed Time                                                                                                             ;
+---------------------------+--------------+-------------------------+---------------------+------------------------------------+
; Module Name               ; Elapsed Time ; Average Processors Used ; Peak Virtual Memory ; Total CPU Time (on all processors) ;
+---------------------------+--------------+-------------------------+---------------------+------------------------------------+
; Analysis & Synthesis      ; 00:00:02     ; 1.0                     ; 369 MB              ; 00:00:02                           ;
; Fitter                    ; 00:00:04     ; 1.0                     ; 440 MB              ; 00:00:04                           ;
; Assembler                 ; 00:00:01     ; 1.0                     ; 340 MB              ; 00:00:01                           ;
; TimeQuest Timing Analyzer ; 00:00:01     ; 1.0                     ; 298 MB              ; 00:00:01                           ;
; EDA Netlist Writer        ; 00:00:01     ; 1.0                     ; 306 MB              ; 00:00:01                           ;
; Total                     ; 00:00:09     ; --                      ; --                  ; 00:00:09                           ;
+---------------------------+--------------+-------------------------+---------------------+------------------------------------+


+------------------------------------------------------------------------------------------------+
; Flow OS Summary                                                                                ;
+---------------------------+-----------------------+-------------+-------------+----------------+
; Module Name               ; Machine Hostname      ; OS Name     ; OS Version  ; Processor type ;
+---------------------------+-----------------------+-------------+-------------+----------------+
; Analysis & Synthesis      ; eco.lab.ic.unicamp.br ; Fedora Core ; Fedora Core ; x86_64         ;
; Fitter                    ; eco.lab.ic.unicamp.br ; Fedora Core ; Fedora Core ; x86_64         ;
; Assembler                 ; eco.lab.ic.unicamp.br ; Fedora Core ; Fedora Core ; x86_64         ;
; TimeQuest Timing Analyzer ; eco.lab.ic.unicamp.br ; Fedora Core ; Fedora Core ; x86_64         ;
; EDA Netlist Writer        ; eco.lab.ic.unicamp.br ; Fedora Core ; Fedora Core ; x86_64         ;
+---------------------------+-----------------------+-------------+-------------+----------------+


------------
; Flow Log ;
------------
quartus_map --read_settings_files=on --write_settings_files=off VGA -c VGA
quartus_fit --read_settings_files=off --write_settings_files=off VGA -c VGA
quartus_asm --read_settings_files=off --write_settings_files=off VGA -c VGA
quartus_sta VGA -c VGA
quartus_eda --read_settings_files=off --write_settings_files=off VGA -c VGA



